stdClass Object
(
    [name] => DHITIMAN GOGOI
    [email] => gogoiguduman@gmail.com
    [password] => 123456
    [role] => student
)
stdClass Object
(
    [name] => DHITIMAN GOGOI
    [email] => gogoiguduman@gmail.com
    [password] => 123456
    [role] => student
)
stdClass Object
(
    [name] => DHITIMAN GOGOI
    [email] => gogoiguduman@gmail.com
    [password] => 123456
    [role] => student
)
stdClass Object
(
    [name] => DHITIMAN GOGOI
    [email] => gogoiguduman@gmail.com
    [password] => 123456
    [role] => student
)
stdClass Object
(
    [name] => DHITIMAN GOGOI
    [email] => gogoiguduman@gmail.com
    [password] => 123456
    [role] => student
)
stdClass Object
(
    [name] => DHITIMAN GOGOI
    [email] => gogoiguduman@gmail.com
    [password] => 123456
    [role] => student
)
stdClass Object
(
    [name] => DHITIMAN GOGOI
    [email] => gogoiguduman@gmail.com
    [password] => 123456
    [role] => student
)
stdClass Object
(
    [name] => Nilamber Das
    [email] => nilamber@gmail.com
    [password] => nilamber
    [role] => teacher
)
stdClass Object
(
    [name] => Nilamber Das
    [email] => nilamber@gmail.com
    [password] => nilamber
    [role] => teacher
)
stdClass Object
(
    [name] => Nilamber Das
    [email] => nilamber@gmail.com
    [password] => nilamber
    [role] => teacher
)
stdClass Object
(
    [name] => Nilamber Das
    [email] => nilamber@gmail.com
    [password] => nilamber
    [role] => teacher
)
stdClass Object
(
    [name] => Nilamber Das
    [email] => nilamber@gmail.com
    [password] => nilamber
    [role] => teacher
)
